-------------------------------------------------------------------------------
Test set: com.example.palindromeTest
-------------------------------------------------------------------------------
Tests run: 1, Failures: 1, Errors: 0, Skipped: 0, Time elapsed: 0.006 s <<< FAILURE! - in com.example.palindromeTest
testPalindrome(com.example.palindromeTest)  Time elapsed: 0.001 s  <<< FAILURE!
java.lang.AssertionError: expected:<false> but was:<true>
	at com.example.palindromeTest.testPalindrome(palindromeTest.java:12)

